Analysis & Synthesis report for ex10
Tue Nov 29 11:54:33 2016
Quartus Prime Version 16.0.0 Build 211 04/27/2016 SJ Standard Edition


---------------------
; Table of Contents ;
---------------------
  1. Legal Notice
  2. Analysis & Synthesis Summary
  3. Analysis & Synthesis Settings
  4. Parallel Compilation
  5. Analysis & Synthesis Source Files Read
  6. Analysis & Synthesis Resource Usage Summary
  7. Analysis & Synthesis Resource Utilization by Entity
  8. Analysis & Synthesis RAM Summary
  9. State Machine - |ex13|spi2dac:s|sr_state
 10. Registers Removed During Synthesis
 11. Removed Registers Triggering Further Register Optimizations
 12. General Register Statistics
 13. Inverted Register Statistics
 14. Multiplexer Restructuring Statistics (Restructuring Performed)
 15. Source assignments for ROM:r|altsyncram:altsyncram_component|altsyncram_6ng1:auto_generated
 16. Parameter Settings for User Entity Instance: tick_5000:t
 17. Parameter Settings for User Entity Instance: counter_10:c
 18. Parameter Settings for User Entity Instance: ROM:r|altsyncram:altsyncram_component
 19. Parameter Settings for User Entity Instance: spi2dac:s
 20. altsyncram Parameter Settings by Entity Instance
 21. Post-Synthesis Netlist Statistics for Top Partition
 22. Elapsed Time Per Partition
 23. Analysis & Synthesis Messages



----------------
; Legal Notice ;
----------------
Copyright (C) 1991-2016 Altera Corporation. All rights reserved.
Your use of Altera Corporation's design tools, logic functions 
and other software and tools, and its AMPP partner logic 
functions, and any output files from any of the foregoing 
(including device programming or simulation files), and any 
associated documentation or information are expressly subject 
to the terms and conditions of the Altera Program License 
Subscription Agreement, the Altera Quartus Prime License Agreement,
the Altera MegaCore Function License Agreement, or other 
applicable license agreement, including, without limitation, 
that your use is for the sole purpose of programming logic 
devices manufactured by Altera and sold by Altera or its 
authorized distributors.  Please refer to the applicable 
agreement for further details.



+-----------------------------------------------------------------------------------+
; Analysis & Synthesis Summary                                                      ;
+---------------------------------+-------------------------------------------------+
; Analysis & Synthesis Status     ; Successful - Tue Nov 29 11:54:33 2016           ;
; Quartus Prime Version           ; 16.0.0 Build 211 04/27/2016 SJ Standard Edition ;
; Revision Name                   ; ex10                                            ;
; Top-level Entity Name           ; ex13                                            ;
; Family                          ; Cyclone V                                       ;
; Logic utilization (in ALMs)     ; N/A                                             ;
; Total registers                 ; 76                                              ;
; Total pins                      ; 6                                               ;
; Total virtual pins              ; 0                                               ;
; Total block memory bits         ; 10,240                                          ;
; Total DSP Blocks                ; 0                                               ;
; Total HSSI RX PCSs              ; 0                                               ;
; Total HSSI PMA RX Deserializers ; 0                                               ;
; Total HSSI TX PCSs              ; 0                                               ;
; Total HSSI PMA TX Serializers   ; 0                                               ;
; Total PLLs                      ; 0                                               ;
; Total DLLs                      ; 0                                               ;
+---------------------------------+-------------------------------------------------+


+---------------------------------------------------------------------------------------------------------------------------+
; Analysis & Synthesis Settings                                                                                             ;
+---------------------------------------------------------------------------------+--------------------+--------------------+
; Option                                                                          ; Setting            ; Default Value      ;
+---------------------------------------------------------------------------------+--------------------+--------------------+
; Device                                                                          ; 5CSEMA5F31C6       ;                    ;
; Top-level entity name                                                           ; ex13               ; ex10               ;
; Family name                                                                     ; Cyclone V          ; Cyclone V          ;
; Use smart compilation                                                           ; Off                ; Off                ;
; Enable parallel Assembler and TimeQuest Timing Analyzer during compilation      ; On                 ; On                 ;
; Enable compact report table                                                     ; Off                ; Off                ;
; Restructure Multiplexers                                                        ; Auto               ; Auto               ;
; MLAB Add Timing Constraints For Mixed-Port Feed-Through Mode Setting Don't Care ; Off                ; Off                ;
; Create Debugging Nodes for IP Cores                                             ; Off                ; Off                ;
; Preserve fewer node names                                                       ; On                 ; On                 ;
; Disable OpenCore Plus hardware evaluation                                       ; Off                ; Off                ;
; Verilog Version                                                                 ; Verilog_2001       ; Verilog_2001       ;
; VHDL Version                                                                    ; VHDL_1993          ; VHDL_1993          ;
; State Machine Processing                                                        ; Auto               ; Auto               ;
; Safe State Machine                                                              ; Off                ; Off                ;
; Extract Verilog State Machines                                                  ; On                 ; On                 ;
; Extract VHDL State Machines                                                     ; On                 ; On                 ;
; Ignore Verilog initial constructs                                               ; Off                ; Off                ;
; Iteration limit for constant Verilog loops                                      ; 5000               ; 5000               ;
; Iteration limit for non-constant Verilog loops                                  ; 250                ; 250                ;
; Add Pass-Through Logic to Inferred RAMs                                         ; On                 ; On                 ;
; Infer RAMs from Raw Logic                                                       ; On                 ; On                 ;
; Parallel Synthesis                                                              ; On                 ; On                 ;
; DSP Block Balancing                                                             ; Auto               ; Auto               ;
; NOT Gate Push-Back                                                              ; On                 ; On                 ;
; Power-Up Don't Care                                                             ; On                 ; On                 ;
; Remove Redundant Logic Cells                                                    ; Off                ; Off                ;
; Remove Duplicate Registers                                                      ; On                 ; On                 ;
; Ignore CARRY Buffers                                                            ; Off                ; Off                ;
; Ignore CASCADE Buffers                                                          ; Off                ; Off                ;
; Ignore GLOBAL Buffers                                                           ; Off                ; Off                ;
; Ignore ROW GLOBAL Buffers                                                       ; Off                ; Off                ;
; Ignore LCELL Buffers                                                            ; Off                ; Off                ;
; Ignore SOFT Buffers                                                             ; On                 ; On                 ;
; Limit AHDL Integers to 32 Bits                                                  ; Off                ; Off                ;
; Optimization Technique                                                          ; Balanced           ; Balanced           ;
; Carry Chain Length                                                              ; 70                 ; 70                 ;
; Auto Carry Chains                                                               ; On                 ; On                 ;
; Auto Open-Drain Pins                                                            ; On                 ; On                 ;
; Perform WYSIWYG Primitive Resynthesis                                           ; Off                ; Off                ;
; Auto ROM Replacement                                                            ; On                 ; On                 ;
; Auto RAM Replacement                                                            ; On                 ; On                 ;
; Auto DSP Block Replacement                                                      ; On                 ; On                 ;
; Auto Shift Register Replacement                                                 ; Auto               ; Auto               ;
; Allow Shift Register Merging across Hierarchies                                 ; Auto               ; Auto               ;
; Auto Clock Enable Replacement                                                   ; On                 ; On                 ;
; Strict RAM Replacement                                                          ; Off                ; Off                ;
; Allow Synchronous Control Signals                                               ; On                 ; On                 ;
; Force Use of Synchronous Clear Signals                                          ; Off                ; Off                ;
; Auto Resource Sharing                                                           ; Off                ; Off                ;
; Allow Any RAM Size For Recognition                                              ; Off                ; Off                ;
; Allow Any ROM Size For Recognition                                              ; Off                ; Off                ;
; Allow Any Shift Register Size For Recognition                                   ; Off                ; Off                ;
; Use LogicLock Constraints during Resource Balancing                             ; On                 ; On                 ;
; Ignore translate_off and synthesis_off directives                               ; Off                ; Off                ;
; Timing-Driven Synthesis                                                         ; On                 ; On                 ;
; Report Parameter Settings                                                       ; On                 ; On                 ;
; Report Source Assignments                                                       ; On                 ; On                 ;
; Report Connectivity Checks                                                      ; On                 ; On                 ;
; Ignore Maximum Fan-Out Assignments                                              ; Off                ; Off                ;
; Synchronization Register Chain Length                                           ; 3                  ; 3                  ;
; PowerPlay Power Optimization During Synthesis                                   ; Normal compilation ; Normal compilation ;
; HDL message level                                                               ; Level2             ; Level2             ;
; Suppress Register Optimization Related Messages                                 ; Off                ; Off                ;
; Number of Removed Registers Reported in Synthesis Report                        ; 5000               ; 5000               ;
; Number of Swept Nodes Reported in Synthesis Report                              ; 5000               ; 5000               ;
; Number of Inverted Registers Reported in Synthesis Report                       ; 100                ; 100                ;
; Clock MUX Protection                                                            ; On                 ; On                 ;
; Auto Gated Clock Conversion                                                     ; Off                ; Off                ;
; Block Design Naming                                                             ; Auto               ; Auto               ;
; SDC constraint protection                                                       ; Off                ; Off                ;
; Synthesis Effort                                                                ; Auto               ; Auto               ;
; Shift Register Replacement - Allow Asynchronous Clear Signal                    ; On                 ; On                 ;
; Pre-Mapping Resynthesis Optimization                                            ; Off                ; Off                ;
; Analysis & Synthesis Message Level                                              ; Medium             ; Medium             ;
; Disable Register Merging Across Hierarchies                                     ; Auto               ; Auto               ;
; Resource Aware Inference For Block RAM                                          ; On                 ; On                 ;
; Synthesis Seed                                                                  ; 1                  ; 1                  ;
; Automatic Parallel Synthesis                                                    ; On                 ; On                 ;
; Partial Reconfiguration Bitstream ID                                            ; Off                ; Off                ;
+---------------------------------------------------------------------------------+--------------------+--------------------+


+------------------------------------------+
; Parallel Compilation                     ;
+----------------------------+-------------+
; Processors                 ; Number      ;
+----------------------------+-------------+
; Number detected on machine ; 8           ;
; Maximum allowed            ; 4           ;
;                            ;             ;
; Average used               ; 1.00        ;
; Maximum used               ; 4           ;
;                            ;             ;
; Usage by Processor         ; % Time Used ;
;     Processor 1            ; 100.0%      ;
;     Processors 2-4         ;   0.0%      ;
+----------------------------+-------------+


+------------------------------------------------------------------------------------------------------------------------------------------------------------------------------+
; Analysis & Synthesis Source Files Read                                                                                                                                       ;
+----------------------------------+-----------------+----------------------------------------+----------------------------------------------------------------------+---------+
; File Name with User-Entered Path ; Used in Netlist ; File Type                              ; File Name with Absolute Path                                         ; Library ;
+----------------------------------+-----------------+----------------------------------------+----------------------------------------------------------------------+---------+
; verilog_files/ROM.v              ; yes             ; User Wizard-Generated File             ; C:/New folder/ex13/verilog_files/ROM.v                               ;         ;
; verilog_files/counter_10.v       ; yes             ; User Verilog HDL File                  ; C:/New folder/ex13/verilog_files/counter_10.v                        ;         ;
; ex13.v                           ; yes             ; User Verilog HDL File                  ; C:/New folder/ex13/ex13.v                                            ;         ;
; verilog_files/tick_5000.v        ; yes             ; User Verilog HDL File                  ; C:/New folder/ex13/verilog_files/tick_5000.v                         ;         ;
; verilog_files/spi2dac.v          ; yes             ; User Verilog HDL File                  ; C:/New folder/ex13/verilog_files/spi2dac.v                           ;         ;
; verilog_files/pwm.v              ; yes             ; User Verilog HDL File                  ; C:/New folder/ex13/verilog_files/pwm.v                               ;         ;
; altsyncram.tdf                   ; yes             ; Megafunction                           ; c:/altera/16.0/quartus/libraries/megafunctions/altsyncram.tdf        ;         ;
; stratix_ram_block.inc            ; yes             ; Megafunction                           ; c:/altera/16.0/quartus/libraries/megafunctions/stratix_ram_block.inc ;         ;
; lpm_mux.inc                      ; yes             ; Megafunction                           ; c:/altera/16.0/quartus/libraries/megafunctions/lpm_mux.inc           ;         ;
; lpm_decode.inc                   ; yes             ; Megafunction                           ; c:/altera/16.0/quartus/libraries/megafunctions/lpm_decode.inc        ;         ;
; aglobal160.inc                   ; yes             ; Megafunction                           ; c:/altera/16.0/quartus/libraries/megafunctions/aglobal160.inc        ;         ;
; a_rdenreg.inc                    ; yes             ; Megafunction                           ; c:/altera/16.0/quartus/libraries/megafunctions/a_rdenreg.inc         ;         ;
; altrom.inc                       ; yes             ; Megafunction                           ; c:/altera/16.0/quartus/libraries/megafunctions/altrom.inc            ;         ;
; altram.inc                       ; yes             ; Megafunction                           ; c:/altera/16.0/quartus/libraries/megafunctions/altram.inc            ;         ;
; altdpram.inc                     ; yes             ; Megafunction                           ; c:/altera/16.0/quartus/libraries/megafunctions/altdpram.inc          ;         ;
; db/altsyncram_6ng1.tdf           ; yes             ; Auto-Generated Megafunction            ; C:/New folder/ex13/db/altsyncram_6ng1.tdf                            ;         ;
; ./rom_data/rom_data.mif          ; yes             ; Auto-Found Memory Initialization File  ; C:/New folder/ex13/rom_data/rom_data.mif                             ;         ;
+----------------------------------+-----------------+----------------------------------------+----------------------------------------------------------------------+---------+


+--------------------------------------------------------------+
; Analysis & Synthesis Resource Usage Summary                  ;
+---------------------------------------------+----------------+
; Resource                                    ; Usage          ;
+---------------------------------------------+----------------+
; Estimate of Logic utilization (ALMs needed) ; 48             ;
;                                             ;                ;
; Combinational ALUT usage for logic          ; 79             ;
;     -- 7 input functions                    ; 0              ;
;     -- 6 input functions                    ; 6              ;
;     -- 5 input functions                    ; 16             ;
;     -- 4 input functions                    ; 8              ;
;     -- <=3 input functions                  ; 49             ;
;                                             ;                ;
; Dedicated logic registers                   ; 76             ;
;                                             ;                ;
; I/O pins                                    ; 6              ;
; Total MLAB memory bits                      ; 0              ;
; Total block memory bits                     ; 10240          ;
;                                             ;                ;
; Total DSP Blocks                            ; 0              ;
;                                             ;                ;
; Maximum fan-out node                        ; CLOCK_50~input ;
; Maximum fan-out                             ; 67             ;
; Total fan-out                               ; 562            ;
; Average fan-out                             ; 3.18           ;
+---------------------------------------------+----------------+


+---------------------------------------------------------------------------------------------------------------------------------------------------------------------------------------------------------------------------------------------------+
; Analysis & Synthesis Resource Utilization by Entity                                                                                                                                                                                               ;
+-------------------------------------------+-------------------+--------------+-------------------+------------+------+--------------+----------------------------------------------------------------------------+-----------------+--------------+
; Compilation Hierarchy Node                ; LC Combinationals ; LC Registers ; Block Memory Bits ; DSP Blocks ; Pins ; Virtual Pins ; Full Hierarchy Name                                                        ; Entity Name     ; Library Name ;
+-------------------------------------------+-------------------+--------------+-------------------+------------+------+--------------+----------------------------------------------------------------------------+-----------------+--------------+
; |ex13                                     ; 79 (0)            ; 76 (0)       ; 10240             ; 0          ; 6    ; 0            ; |ex13                                                                      ; ex13            ; work         ;
;    |ROM:r|                                ; 0 (0)             ; 0 (0)        ; 10240             ; 0          ; 0    ; 0            ; |ex13|ROM:r                                                                ; ROM             ; work         ;
;       |altsyncram:altsyncram_component|   ; 0 (0)             ; 0 (0)        ; 10240             ; 0          ; 0    ; 0            ; |ex13|ROM:r|altsyncram:altsyncram_component                                ; altsyncram      ; work         ;
;          |altsyncram_6ng1:auto_generated| ; 0 (0)             ; 0 (0)        ; 10240             ; 0          ; 0    ; 0            ; |ex13|ROM:r|altsyncram:altsyncram_component|altsyncram_6ng1:auto_generated ; altsyncram_6ng1 ; work         ;
;    |counter_10:c|                         ; 10 (10)           ; 10 (10)      ; 0                 ; 0          ; 0    ; 0            ; |ex13|counter_10:c                                                         ; counter_10      ; work         ;
;    |pwm:p|                                ; 19 (19)           ; 21 (21)      ; 0                 ; 0          ; 0    ; 0            ; |ex13|pwm:p                                                                ; pwm             ; work         ;
;    |spi2dac:s|                            ; 23 (23)           ; 28 (28)      ; 0                 ; 0          ; 0    ; 0            ; |ex13|spi2dac:s                                                            ; spi2dac         ; work         ;
;    |tick_5000:t|                          ; 27 (27)           ; 17 (17)      ; 0                 ; 0          ; 0    ; 0            ; |ex13|tick_5000:t                                                          ; tick_5000       ; work         ;
+-------------------------------------------+-------------------+--------------+-------------------+------------+------+--------------+----------------------------------------------------------------------------+-----------------+--------------+
Note: For table entries with two numbers listed, the numbers in parentheses indicate the number of resources of the given type used by the specific entity alone. The numbers listed outside of parentheses indicate the total resources of the given type used by the specific entity and all of its sub-entities in the hierarchy.


+---------------------------------------------------------------------------------------------------------------------------------------------------------------------------------------------+
; Analysis & Synthesis RAM Summary                                                                                                                                                            ;
+---------------------------------------------------------------------------------+------+------+--------------+--------------+--------------+--------------+-------+-------------------------+
; Name                                                                            ; Type ; Mode ; Port A Depth ; Port A Width ; Port B Depth ; Port B Width ; Size  ; MIF                     ;
+---------------------------------------------------------------------------------+------+------+--------------+--------------+--------------+--------------+-------+-------------------------+
; ROM:r|altsyncram:altsyncram_component|altsyncram_6ng1:auto_generated|ALTSYNCRAM ; AUTO ; ROM  ; 1024         ; 10           ; --           ; --           ; 10240 ; ./rom_data/rom_data.mif ;
+---------------------------------------------------------------------------------+------+------+--------------+--------------+--------------+--------------+-------+-------------------------+


Encoding Type:  One-Hot
+------------------------------------------------------------------------------------------+
; State Machine - |ex13|spi2dac:s|sr_state                                                 ;
+------------------------+---------------+------------------------+------------------------+
; Name                   ; sr_state.IDLE ; sr_state.WAIT_CSB_HIGH ; sr_state.WAIT_CSB_FALL ;
+------------------------+---------------+------------------------+------------------------+
; sr_state.IDLE          ; 0             ; 0                      ; 0                      ;
; sr_state.WAIT_CSB_FALL ; 1             ; 0                      ; 1                      ;
; sr_state.WAIT_CSB_HIGH ; 1             ; 1                      ; 0                      ;
+------------------------+---------------+------------------------+------------------------+


+--------------------------------------------------------------------------------+
; Registers Removed During Synthesis                                             ;
+---------------------------------------+----------------------------------------+
; Register name                         ; Reason for Removal                     ;
+---------------------------------------+----------------------------------------+
; spi2dac:s|shift_reg[0,1]              ; Stuck at GND due to stuck port data_in ;
; Total Number of Removed Registers = 2 ;                                        ;
+---------------------------------------+----------------------------------------+


+---------------------------------------------------------------------------------------------+
; Removed Registers Triggering Further Register Optimizations                                 ;
+------------------------+---------------------------+----------------------------------------+
; Register name          ; Reason for Removal        ; Registers Removed due to This Register ;
+------------------------+---------------------------+----------------------------------------+
; spi2dac:s|shift_reg[0] ; Stuck at GND              ; spi2dac:s|shift_reg[1]                 ;
;                        ; due to stuck port data_in ;                                        ;
+------------------------+---------------------------+----------------------------------------+


+------------------------------------------------------+
; General Register Statistics                          ;
+----------------------------------------------+-------+
; Statistic                                    ; Value ;
+----------------------------------------------+-------+
; Total registers                              ; 76    ;
; Number of registers using Synchronous Clear  ; 9     ;
; Number of registers using Synchronous Load   ; 9     ;
; Number of registers using Asynchronous Clear ; 0     ;
; Number of registers using Asynchronous Load  ; 0     ;
; Number of registers using Clock Enable       ; 20    ;
; Number of registers using Preset             ; 0     ;
+----------------------------------------------+-------+


+--------------------------------------------------+
; Inverted Register Statistics                     ;
+----------------------------------------+---------+
; Inverted Register                      ; Fan out ;
+----------------------------------------+---------+
; tick_5000:t|count[9]                   ; 2       ;
; tick_5000:t|count[0]                   ; 2       ;
; tick_5000:t|count[1]                   ; 2       ;
; tick_5000:t|count[2]                   ; 2       ;
; tick_5000:t|count[7]                   ; 2       ;
; tick_5000:t|count[8]                   ; 2       ;
; tick_5000:t|count[12]                  ; 2       ;
; Total number of inverted registers = 7 ;         ;
+----------------------------------------+---------+


+------------------------------------------------------------------------------------------------------------------------------------------+
; Multiplexer Restructuring Statistics (Restructuring Performed)                                                                           ;
+--------------------+-----------+---------------+----------------------+------------------------+------------+----------------------------+
; Multiplexer Inputs ; Bus Width ; Baseline Area ; Area if Restructured ; Saving if Restructured ; Registered ; Example Multiplexer Output ;
+--------------------+-----------+---------------+----------------------+------------------------+------------+----------------------------+
; 6:1                ; 3 bits    ; 12 LEs        ; 6 LEs                ; 6 LEs                  ; No         ; |ex13|spi2dac:s|Selector0  ;
+--------------------+-----------+---------------+----------------------+------------------------+------------+----------------------------+


+---------------------------------------------------------------------------------------------+
; Source assignments for ROM:r|altsyncram:altsyncram_component|altsyncram_6ng1:auto_generated ;
+---------------------------------+--------------------+------+-------------------------------+
; Assignment                      ; Value              ; From ; To                            ;
+---------------------------------+--------------------+------+-------------------------------+
; OPTIMIZE_POWER_DURING_SYNTHESIS ; NORMAL_COMPILATION ; -    ; -                             ;
+---------------------------------+--------------------+------+-------------------------------+


+----------------------------------------------------------+
; Parameter Settings for User Entity Instance: tick_5000:t ;
+----------------+-------+---------------------------------+
; Parameter Name ; Value ; Type                            ;
+----------------+-------+---------------------------------+
; NBIT           ; 16    ; Signed Integer                  ;
+----------------+-------+---------------------------------+
Note: In order to hide this table in the UI and the text report file, please set the "Show Parameter Settings in Synthesis Report" option in "Analysis and Synthesis Settings -> More Settings" to "Off".


+-----------------------------------------------------------+
; Parameter Settings for User Entity Instance: counter_10:c ;
+----------------+-------+----------------------------------+
; Parameter Name ; Value ; Type                             ;
+----------------+-------+----------------------------------+
; BIT_SZ         ; 10    ; Signed Integer                   ;
+----------------+-------+----------------------------------+
Note: In order to hide this table in the UI and the text report file, please set the "Show Parameter Settings in Synthesis Report" option in "Analysis and Synthesis Settings -> More Settings" to "Off".


+------------------------------------------------------------------------------------+
; Parameter Settings for User Entity Instance: ROM:r|altsyncram:altsyncram_component ;
+------------------------------------+-------------------------+---------------------+
; Parameter Name                     ; Value                   ; Type                ;
+------------------------------------+-------------------------+---------------------+
; BYTE_SIZE_BLOCK                    ; 8                       ; Untyped             ;
; AUTO_CARRY_CHAINS                  ; ON                      ; AUTO_CARRY          ;
; IGNORE_CARRY_BUFFERS               ; OFF                     ; IGNORE_CARRY        ;
; AUTO_CASCADE_CHAINS                ; ON                      ; AUTO_CASCADE        ;
; IGNORE_CASCADE_BUFFERS             ; OFF                     ; IGNORE_CASCADE      ;
; WIDTH_BYTEENA                      ; 1                       ; Untyped             ;
; OPERATION_MODE                     ; ROM                     ; Untyped             ;
; WIDTH_A                            ; 10                      ; Signed Integer      ;
; WIDTHAD_A                          ; 10                      ; Signed Integer      ;
; NUMWORDS_A                         ; 1024                    ; Signed Integer      ;
; OUTDATA_REG_A                      ; CLOCK0                  ; Untyped             ;
; ADDRESS_ACLR_A                     ; NONE                    ; Untyped             ;
; OUTDATA_ACLR_A                     ; NONE                    ; Untyped             ;
; WRCONTROL_ACLR_A                   ; NONE                    ; Untyped             ;
; INDATA_ACLR_A                      ; NONE                    ; Untyped             ;
; BYTEENA_ACLR_A                     ; NONE                    ; Untyped             ;
; WIDTH_B                            ; 1                       ; Untyped             ;
; WIDTHAD_B                          ; 1                       ; Untyped             ;
; NUMWORDS_B                         ; 1                       ; Untyped             ;
; INDATA_REG_B                       ; CLOCK1                  ; Untyped             ;
; WRCONTROL_WRADDRESS_REG_B          ; CLOCK1                  ; Untyped             ;
; RDCONTROL_REG_B                    ; CLOCK1                  ; Untyped             ;
; ADDRESS_REG_B                      ; CLOCK1                  ; Untyped             ;
; OUTDATA_REG_B                      ; UNREGISTERED            ; Untyped             ;
; BYTEENA_REG_B                      ; CLOCK1                  ; Untyped             ;
; INDATA_ACLR_B                      ; NONE                    ; Untyped             ;
; WRCONTROL_ACLR_B                   ; NONE                    ; Untyped             ;
; ADDRESS_ACLR_B                     ; NONE                    ; Untyped             ;
; OUTDATA_ACLR_B                     ; NONE                    ; Untyped             ;
; RDCONTROL_ACLR_B                   ; NONE                    ; Untyped             ;
; BYTEENA_ACLR_B                     ; NONE                    ; Untyped             ;
; WIDTH_BYTEENA_A                    ; 1                       ; Signed Integer      ;
; WIDTH_BYTEENA_B                    ; 1                       ; Untyped             ;
; RAM_BLOCK_TYPE                     ; AUTO                    ; Untyped             ;
; BYTE_SIZE                          ; 8                       ; Untyped             ;
; READ_DURING_WRITE_MODE_MIXED_PORTS ; DONT_CARE               ; Untyped             ;
; READ_DURING_WRITE_MODE_PORT_A      ; NEW_DATA_NO_NBE_READ    ; Untyped             ;
; READ_DURING_WRITE_MODE_PORT_B      ; NEW_DATA_NO_NBE_READ    ; Untyped             ;
; INIT_FILE                          ; ./rom_data/rom_data.mif ; Untyped             ;
; INIT_FILE_LAYOUT                   ; PORT_A                  ; Untyped             ;
; MAXIMUM_DEPTH                      ; 0                       ; Untyped             ;
; CLOCK_ENABLE_INPUT_A               ; BYPASS                  ; Untyped             ;
; CLOCK_ENABLE_INPUT_B               ; NORMAL                  ; Untyped             ;
; CLOCK_ENABLE_OUTPUT_A              ; BYPASS                  ; Untyped             ;
; CLOCK_ENABLE_OUTPUT_B              ; NORMAL                  ; Untyped             ;
; CLOCK_ENABLE_CORE_A                ; USE_INPUT_CLKEN         ; Untyped             ;
; CLOCK_ENABLE_CORE_B                ; USE_INPUT_CLKEN         ; Untyped             ;
; ENABLE_ECC                         ; FALSE                   ; Untyped             ;
; ECC_PIPELINE_STAGE_ENABLED         ; FALSE                   ; Untyped             ;
; WIDTH_ECCSTATUS                    ; 3                       ; Untyped             ;
; DEVICE_FAMILY                      ; Cyclone V               ; Untyped             ;
; CBXI_PARAMETER                     ; altsyncram_6ng1         ; Untyped             ;
+------------------------------------+-------------------------+---------------------+
Note: In order to hide this table in the UI and the text report file, please set the "Show Parameter Settings in Synthesis Report" option in "Analysis and Synthesis Settings -> More Settings" to "Off".


+--------------------------------------------------------+
; Parameter Settings for User Entity Instance: spi2dac:s ;
+----------------+-------+-------------------------------+
; Parameter Name ; Value ; Type                          ;
+----------------+-------+-------------------------------+
; BUF            ; 1     ; Unsigned Binary               ;
; GA_N           ; 1     ; Unsigned Binary               ;
; SHDN_N         ; 1     ; Unsigned Binary               ;
; TC             ; 11000 ; Unsigned Binary               ;
; IDLE           ; 00    ; Unsigned Binary               ;
; WAIT_CSB_FALL  ; 01    ; Unsigned Binary               ;
; WAIT_CSB_HIGH  ; 10    ; Unsigned Binary               ;
+----------------+-------+-------------------------------+
Note: In order to hide this table in the UI and the text report file, please set the "Show Parameter Settings in Synthesis Report" option in "Analysis and Synthesis Settings -> More Settings" to "Off".


+-----------------------------------------------------------------------------------+
; altsyncram Parameter Settings by Entity Instance                                  ;
+-------------------------------------------+---------------------------------------+
; Name                                      ; Value                                 ;
+-------------------------------------------+---------------------------------------+
; Number of entity instances                ; 1                                     ;
; Entity Instance                           ; ROM:r|altsyncram:altsyncram_component ;
;     -- OPERATION_MODE                     ; ROM                                   ;
;     -- WIDTH_A                            ; 10                                    ;
;     -- NUMWORDS_A                         ; 1024                                  ;
;     -- OUTDATA_REG_A                      ; CLOCK0                                ;
;     -- WIDTH_B                            ; 1                                     ;
;     -- NUMWORDS_B                         ; 1                                     ;
;     -- ADDRESS_REG_B                      ; CLOCK1                                ;
;     -- OUTDATA_REG_B                      ; UNREGISTERED                          ;
;     -- RAM_BLOCK_TYPE                     ; AUTO                                  ;
;     -- READ_DURING_WRITE_MODE_MIXED_PORTS ; DONT_CARE                             ;
+-------------------------------------------+---------------------------------------+


+-----------------------------------------------------+
; Post-Synthesis Netlist Statistics for Top Partition ;
+-----------------------+-----------------------------+
; Type                  ; Count                       ;
+-----------------------+-----------------------------+
; arriav_ff             ; 76                          ;
;     ENA               ; 20                          ;
;     SCLR              ; 9                           ;
;     SLD               ; 9                           ;
;     plain             ; 38                          ;
; arriav_lcell_comb     ; 81                          ;
;     arith             ; 34                          ;
;         1 data inputs ; 32                          ;
;         2 data inputs ; 2                           ;
;     normal            ; 47                          ;
;         1 data inputs ; 11                          ;
;         3 data inputs ; 6                           ;
;         4 data inputs ; 8                           ;
;         5 data inputs ; 16                          ;
;         6 data inputs ; 6                           ;
; boundary_port         ; 6                           ;
; stratixv_ram_block    ; 10                          ;
;                       ;                             ;
; Max LUT depth         ; 3.20                        ;
; Average LUT depth     ; 1.77                        ;
+-----------------------+-----------------------------+


+-------------------------------+
; Elapsed Time Per Partition    ;
+----------------+--------------+
; Partition Name ; Elapsed Time ;
+----------------+--------------+
; Top            ; 00:00:00     ;
+----------------+--------------+


+-------------------------------+
; Analysis & Synthesis Messages ;
+-------------------------------+
Info: *******************************************************************
Info: Running Quartus Prime Analysis & Synthesis
    Info: Version 16.0.0 Build 211 04/27/2016 SJ Standard Edition
    Info: Processing started: Tue Nov 29 11:54:23 2016
Info: Command: quartus_map --read_settings_files=on --write_settings_files=off ex10 -c ex10
Critical Warning (136021): Ignored assignment IO_STANDARD which contains an invalid node name "LEDR[3]#============================================================"
Critical Warning (136021): Ignored assignment IO_STANDARD which contains an invalid node name "LEDR[3]#============================================================"
Warning (18236): Number of processors has not been specified which may cause overloading on shared machines.  Set the global assignment NUM_PARALLEL_PROCESSORS in your QSF to an appropriate value for best performance.
Info (20030): Parallel compilation is enabled and will use 4 of the 4 processors detected
Info (12021): Found 1 design units, including 1 entities, in source file verilog_files/rom.v
    Info (12023): Found entity 1: ROM File: C:/New folder/ex13/verilog_files/ROM.v Line: 40
Info (12021): Found 1 design units, including 1 entities, in source file verilog_files/counter_10.v
    Info (12023): Found entity 1: counter_10 File: C:/New folder/ex13/verilog_files/counter_10.v Line: 3
Info (12021): Found 1 design units, including 1 entities, in source file ex13.v
    Info (12023): Found entity 1: ex13 File: C:/New folder/ex13/ex13.v Line: 1
Info (12021): Found 1 design units, including 1 entities, in source file verilog_files/tick_5000.v
    Info (12023): Found entity 1: tick_5000 File: C:/New folder/ex13/verilog_files/tick_5000.v Line: 1
Info (12021): Found 1 design units, including 1 entities, in source file verilog_files/spi2dac.v
    Info (12023): Found entity 1: spi2dac File: C:/New folder/ex13/verilog_files/spi2dac.v Line: 9
Info (12021): Found 1 design units, including 1 entities, in source file verilog_files/pwm.v
    Info (12023): Found entity 1: pwm File: C:/New folder/ex13/verilog_files/pwm.v Line: 1
Info (12127): Elaborating entity "ex13" for the top level hierarchy
Info (12128): Elaborating entity "tick_5000" for hierarchy "tick_5000:t" File: C:/New folder/ex13/ex13.v Line: 9
Info (12128): Elaborating entity "counter_10" for hierarchy "counter_10:c" File: C:/New folder/ex13/ex13.v Line: 11
Info (12128): Elaborating entity "ROM" for hierarchy "ROM:r" File: C:/New folder/ex13/ex13.v Line: 13
Info (12128): Elaborating entity "altsyncram" for hierarchy "ROM:r|altsyncram:altsyncram_component" File: C:/New folder/ex13/verilog_files/ROM.v Line: 82
Info (12130): Elaborated megafunction instantiation "ROM:r|altsyncram:altsyncram_component" File: C:/New folder/ex13/verilog_files/ROM.v Line: 82
Info (12133): Instantiated megafunction "ROM:r|altsyncram:altsyncram_component" with the following parameter: File: C:/New folder/ex13/verilog_files/ROM.v Line: 82
    Info (12134): Parameter "address_aclr_a" = "NONE"
    Info (12134): Parameter "clock_enable_input_a" = "BYPASS"
    Info (12134): Parameter "clock_enable_output_a" = "BYPASS"
    Info (12134): Parameter "init_file" = "./rom_data/rom_data.mif"
    Info (12134): Parameter "intended_device_family" = "Cyclone V"
    Info (12134): Parameter "lpm_hint" = "ENABLE_RUNTIME_MOD=NO"
    Info (12134): Parameter "lpm_type" = "altsyncram"
    Info (12134): Parameter "numwords_a" = "1024"
    Info (12134): Parameter "operation_mode" = "ROM"
    Info (12134): Parameter "outdata_aclr_a" = "NONE"
    Info (12134): Parameter "outdata_reg_a" = "CLOCK0"
    Info (12134): Parameter "widthad_a" = "10"
    Info (12134): Parameter "width_a" = "10"
    Info (12134): Parameter "width_byteena_a" = "1"
Info (12021): Found 1 design units, including 1 entities, in source file db/altsyncram_6ng1.tdf
    Info (12023): Found entity 1: altsyncram_6ng1 File: C:/New folder/ex13/db/altsyncram_6ng1.tdf Line: 28
Info (12128): Elaborating entity "altsyncram_6ng1" for hierarchy "ROM:r|altsyncram:altsyncram_component|altsyncram_6ng1:auto_generated" File: c:/altera/16.0/quartus/libraries/megafunctions/altsyncram.tdf Line: 792
Info (12128): Elaborating entity "spi2dac" for hierarchy "spi2dac:s" File: C:/New folder/ex13/ex13.v Line: 15
Info (12128): Elaborating entity "pwm" for hierarchy "pwm:p" File: C:/New folder/ex13/ex13.v Line: 16
Info (286030): Timing-Driven Synthesis is running
Info (16010): Generating hard_block partition "hard_block:auto_generated_inst"
    Info (16011): Adding 0 node(s), including 0 DDIO, 0 PLL, 0 transceiver and 0 LCELL
Info (21057): Implemented 115 device resources after synthesis - the final resource count might be different
    Info (21058): Implemented 1 input pins
    Info (21059): Implemented 5 output pins
    Info (21061): Implemented 99 logic cells
    Info (21064): Implemented 10 RAM segments
Info: Quartus Prime Analysis & Synthesis was successful. 0 errors, 3 warnings
    Info: Peak virtual memory: 902 megabytes
    Info: Processing ended: Tue Nov 29 11:54:33 2016
    Info: Elapsed time: 00:00:10
    Info: Total CPU time (on all processors): 00:00:22


